<?xml version="1.0" encoding="UTF-8"?>
<testsuite xmlns:xsi="http://www.w3.org/2001/XMLSchema-instance" xsi:schemaLocation="https://maven.apache.org/surefire/maven-surefire-plugin/xsd/surefire-test-report.xsd" name="steps.RunnerTest" time="62.788" tests="54" errors="0" skipped="0" failures="0">
  <properties>
[...]
</properties>
  <testcase name="Given I am on the Homepage" classname="| Hilton Hotel | London UK | George | 07909000943 | test@email.com |" time="0"/>
  <testcase name="When I log in to the platform" classname="| Hilton Hotel | London UK | George | 07909000943 | test@email.com |" time="0"/>
  <testcase name="And I enter &quot;Hilton Hotel&quot; in the hotel name field" classname="| Hilton Hotel | London UK | George | 07909000943 | test@email.com |" time="0"/>
  <testcase name="And I enter  &quot;London UK&quot; in the address field" classname="| Hilton Hotel | London UK | George | 07909000943 | test@email.com |" time="0"/>
  <testcase name="And I enter &quot;George&quot; in the owners field" classname="| Hilton Hotel | London UK | George | 07909000943 | test@email.com |" time="0"/>
  <testcase name="And I enter &quot;07909000943&quot; in the phone number field" classname="| Hilton Hotel | London UK | George | 07909000943 | test@email.com |" time="0"/>
  <testcase name="And I enter &quot;test@email.com&quot; in the email field" classname="| Hilton Hotel | London UK | George | 07909000943 | test@email.com |" time="0"/>
  <testcase name="And I click create button" classname="| Hilton Hotel | London UK | George | 07909000943 | test@email.com |" time="0"/>
  <testcase name="And I log out successfully" classname="| Hilton Hotel | London UK | George | 07909000943 | test@email.com |" time="0"/>
  <testcase name="| Hilton Hotel | London UK | George | 07909000943 | test@email.com |" classname="| Hilton Hotel | London UK | George | 07909000943 | test@email.com |" time="0"/>
  <testcase name="Given I am on the Homepage" classname="| Hilton Hotel2 | London UK | George | 07909000943 | test@email.com |" time="0"/>
  <testcase name="When I log in to the platform" classname="| Hilton Hotel2 | London UK | George | 07909000943 | test@email.com |" time="0"/>
  <testcase name="And I enter &quot;Hilton Hotel2&quot; in the hotel name field" classname="| Hilton Hotel2 | London UK | George | 07909000943 | test@email.com |" time="0"/>
  <testcase name="And I enter  &quot;London UK&quot; in the address field" classname="| Hilton Hotel2 | London UK | George | 07909000943 | test@email.com |" time="0.001"/>
  <testcase name="And I enter &quot;George&quot; in the owners field" classname="| Hilton Hotel2 | London UK | George | 07909000943 | test@email.com |" time="0"/>
  <testcase name="And I enter &quot;07909000943&quot; in the phone number field" classname="| Hilton Hotel2 | London UK | George | 07909000943 | test@email.com |" time="0"/>
  <testcase name="And I enter &quot;test@email.com&quot; in the email field" classname="| Hilton Hotel2 | London UK | George | 07909000943 | test@email.com |" time="0"/>
  <testcase name="And I click create button" classname="| Hilton Hotel2 | London UK | George | 07909000943 | test@email.com |" time="0"/>
  <testcase name="And I log out successfully" classname="| Hilton Hotel2 | London UK | George | 07909000943 | test@email.com |" time="0"/>
  <testcase name="| Hilton Hotel2 | London UK | George | 07909000943 | test@email.com |" classname="| Hilton Hotel2 | London UK | George | 07909000943 | test@email.com |" time="0"/>
  <testcase name="Given I am on the Homepage" classname="| Sheraton Hotel | Kent UK | Tester | 07909090009 | ester@email.com |" time="0"/>
  <testcase name="When I log in to the platform" classname="| Sheraton Hotel | Kent UK | Tester | 07909090009 | ester@email.com |" time="0"/>
  <testcase name="And I enter &quot;Sheraton Hotel&quot; in the hotel name field" classname="| Sheraton Hotel | Kent UK | Tester | 07909090009 | ester@email.com |" time="0"/>
  <testcase name="And I enter  &quot;Kent UK&quot; in the address field" classname="| Sheraton Hotel | Kent UK | Tester | 07909090009 | ester@email.com |" time="0"/>
  <testcase name="And I enter &quot;Tester&quot; in the owners field" classname="| Sheraton Hotel | Kent UK | Tester | 07909090009 | ester@email.com |" time="0"/>
  <testcase name="And I enter &quot;07909090009&quot; in the phone number field" classname="| Sheraton Hotel | Kent UK | Tester | 07909090009 | ester@email.com |" time="0"/>
  <testcase name="And I enter &quot;ester@email.com&quot; in the email field" classname="| Sheraton Hotel | Kent UK | Tester | 07909090009 | ester@email.com |" time="0"/>
  <testcase name="And I click create button" classname="| Sheraton Hotel | Kent UK | Tester | 07909090009 | ester@email.com |" time="0"/>
  <testcase name="And I log out successfully" classname="| Sheraton Hotel | Kent UK | Tester | 07909090009 | ester@email.com |" time="0"/>
  <testcase name="| Sheraton Hotel | Kent UK | Tester | 07909090009 | ester@email.com |" classname="| Sheraton Hotel | Kent UK | Tester | 07909090009 | ester@email.com |" time="0"/>
  <testcase name="Given I am on the Homepage" classname="| Sheraton Hotel2 | Kent UK | Tester | 07909090009 | ester@email.com |" time="0"/>
  <testcase name="When I log in to the platform" classname="| Sheraton Hotel2 | Kent UK | Tester | 07909090009 | ester@email.com |" time="0"/>
  <testcase name="And I enter &quot;Sheraton Hotel2&quot; in the hotel name field" classname="| Sheraton Hotel2 | Kent UK | Tester | 07909090009 | ester@email.com |" time="0"/>
  <testcase name="And I enter  &quot;Kent UK&quot; in the address field" classname="| Sheraton Hotel2 | Kent UK | Tester | 07909090009 | ester@email.com |" time="0"/>
  <testcase name="And I enter &quot;Tester&quot; in the owners field" classname="| Sheraton Hotel2 | Kent UK | Tester | 07909090009 | ester@email.com |" time="0"/>
  <testcase name="And I enter &quot;07909090009&quot; in the phone number field" classname="| Sheraton Hotel2 | Kent UK | Tester | 07909090009 | ester@email.com |" time="0"/>
  <testcase name="And I enter &quot;ester@email.com&quot; in the email field" classname="| Sheraton Hotel2 | Kent UK | Tester | 07909090009 | ester@email.com |" time="0"/>
  <testcase name="And I click create button" classname="| Sheraton Hotel2 | Kent UK | Tester | 07909090009 | ester@email.com |" time="0"/>
  <testcase name="And I log out successfully" classname="| Sheraton Hotel2 | Kent UK | Tester | 07909090009 | ester@email.com |" time="0"/>
  <testcase name="| Sheraton Hotel2 | Kent UK | Tester | 07909090009 | ester@email.com |" classname="| Sheraton Hotel2 | Kent UK | Tester | 07909090009 | ester@email.com |" time="0"/>
  <testcase name="Given I am on the Homepage" classname="| Sheraton Hotel3 | Kent UK | Tester | 07909090009 | ester@email.com |" time="0"/>
  <testcase name="When I log in to the platform" classname="| Sheraton Hotel3 | Kent UK | Tester | 07909090009 | ester@email.com |" time="0"/>
  <testcase name="And I enter &quot;Sheraton Hotel3&quot; in the hotel name field" classname="| Sheraton Hotel3 | Kent UK | Tester | 07909090009 | ester@email.com |" time="0"/>
  <testcase name="And I enter  &quot;Kent UK&quot; in the address field" classname="| Sheraton Hotel3 | Kent UK | Tester | 07909090009 | ester@email.com |" time="0"/>
  <testcase name="And I enter &quot;Tester&quot; in the owners field" classname="| Sheraton Hotel3 | Kent UK | Tester | 07909090009 | ester@email.com |" time="0"/>
  <testcase name="And I enter &quot;07909090009&quot; in the phone number field" classname="| Sheraton Hotel3 | Kent UK | Tester | 07909090009 | ester@email.com |" time="0"/>
  <testcase name="And I enter &quot;ester@email.com&quot; in the email field" classname="| Sheraton Hotel3 | Kent UK | Tester | 07909090009 | ester@email.com |" time="0"/>
  <testcase name="And I click create button" classname="| Sheraton Hotel3 | Kent UK | Tester | 07909090009 | ester@email.com |" time="0"/>
  <testcase name="And I log out successfully" classname="| Sheraton Hotel3 | Kent UK | Tester | 07909090009 | ester@email.com |" time="0"/>
  <testcase name="| Sheraton Hotel3 | Kent UK | Tester | 07909090009 | ester@email.com |" classname="| Sheraton Hotel3 | Kent UK | Tester | 07909090009 | ester@email.com |" time="0"/>
  <testcase name="Given I am on the Homepage" classname="Scenario: I should be able o delete existing entries" time="0"/>
  <testcase name="When I log in to the platform" classname="Scenario: I should be able o delete existing entries" time="0"/>
  <testcase name="And click should be able to delete multiple entrie" classname="Scenario: I should be able o delete existing entries" time="0"/>
  <testcase name="Scenario: I should be able o delete existing entries" classname="Scenario: I should be able o delete existing entries" time="0"/>
</testsuite>